#
# There is insufficient memory for the Java Runtime Environment to continue.
# Native memory allocation (malloc) failed to allocate 1543696 bytes for Chunk::new
# Possible reasons:
#   The system is out of physical RAM or swap space
#   The process is running with CompressedOops enabled, and the Java Heap may be blocking the growth of the native heap
# Possible solutions:
#   Reduce memory load on the system
#   Increase physical memory or swap space
#   Check if swap backing store is full
#   Decrease Java heap size (-Xmx/-Xms)
#   Decrease number of Java threads
#   Decrease Java thread stack sizes (-Xss)
#   Set larger code cache with -XX:ReservedCodeCacheSize=
#   JVM is running with Unscaled Compressed Oops mode in which the Java heap is
#     placed in the first 4GB address space. The Java Heap base address is the
#     maximum limit for the native heap growth. Please use -XX:HeapBaseMinAddress
#     to set the Java Heap base and to place the Java Heap above 4GB virtual address.
# This output file may be truncated or incomplete.
#
#  Out of Memory Error (allocation.cpp:389), pid=16616, tid=0x0000000000001eec
#
# JRE version: OpenJDK Runtime Environment (8.0_202-b03) (build 1.8.0_202-release-1483-b03)
# Java VM: OpenJDK 64-Bit Server VM (25.202-b03 mixed mode windows-amd64 compressed oops)
# Failed to write core dump. Minidumps are not enabled by default on client versions of Windows
#

---------------  T H R E A D  ---------------

Current thread (0x00000000162b3000):  JavaThread "C2 CompilerThread1" daemon [_thread_in_native, id=7916, stack(0x0000000017a00000,0x0000000017b00000)]

Stack: [0x0000000017a00000,0x0000000017b00000]
[error occurred during error reporting (printing stack bounds), id 0xc0000005]

Native frames: (J=compiled Java code, j=interpreted, Vv=VM code, C=native code)


Current CompileTask:
C2:  40875 5202       4       sun.reflect.generics.parser.SignatureParser::parsePackageNameAndSimpleClassTypeSignature (139 bytes)


---------------  P R O C E S S  ---------------

Java Threads: ( => current thread )
  0x000000001f79e000 JavaThread "Memory manager" [_thread_blocked, id=12836, stack(0x0000000023040000,0x0000000023140000)]
  0x000000001f79d000 JavaThread "Cache worker for Build Output Cleanup Cache (C:\Users\HASSAN COMPUTERS\Desktop\borakhuserv3-master\.gradle\buildOutputCleanup)" [_thread_blocked, id=16092, stack(0x00000000220e0000,0x00000000221e0000)]
  0x000000001f79b800 JavaThread "pool-1-thread-1" [_thread_blocked, id=13868, stack(0x0000000021de0000,0x0000000021ee0000)]
  0x000000001f79b000 JavaThread "Build operations Thread 4" [_thread_blocked, id=15064, stack(0x00000000218e0000,0x00000000219e0000)]
  0x000000001f798000 JavaThread "Build operations Thread 3" [_thread_blocked, id=8916, stack(0x00000000217e0000,0x00000000218e0000)]
  0x000000001f79c800 JavaThread "Build operations Thread 2" [_thread_blocked, id=12324, stack(0x00000000216e0000,0x00000000217e0000)]
  0x000000001f795800 JavaThread "Build operations" [_thread_blocked, id=15456, stack(0x00000000215e0000,0x00000000216e0000)]
  0x000000001f79a000 JavaThread "Cache worker for execution history cache (C:\Users\HASSAN COMPUTERS\.gradle\caches\5.4.1\executionHistory)" [_thread_blocked, id=4828, stack(0x00000000212e0000,0x00000000213e0000)]
  0x000000001f798800 JavaThread "Cache worker for cache directory md-rule (C:\Users\HASSAN COMPUTERS\.gradle\caches\5.4.1\md-rule)" [_thread_blocked, id=1684, stack(0x000000001e7c0000,0x000000001e8c0000)]
  0x000000001f799800 JavaThread "Cache worker for cache directory md-supplier (C:\Users\HASSAN COMPUTERS\.gradle\caches\5.4.1\md-supplier)" [_thread_blocked, id=12844, stack(0x000000001d410000,0x000000001d510000)]
  0x00000000187fc800 JavaThread "Cache worker for file hash cache (C:\Users\HASSAN COMPUTERS\Desktop\borakhuserv3-master\.gradle\5.4.1\fileHashes)" [_thread_blocked, id=7736, stack(0x000000001d110000,0x000000001d210000)]
  0x00000000187f9800 JavaThread "Cache worker for journal cache (C:\Users\HASSAN COMPUTERS\.gradle\caches\journal-1)" [_thread_blocked, id=12900, stack(0x000000001be40000,0x000000001bf40000)]
  0x00000000187fa800 JavaThread "File lock request listener" [_thread_in_native, id=9712, stack(0x000000001bd40000,0x000000001be40000)]
  0x00000000187f7800 JavaThread "Cache worker for file hash cache (C:\Users\HASSAN COMPUTERS\.gradle\caches\5.4.1\fileHashes)" [_thread_blocked, id=8792, stack(0x000000001bc40000,0x000000001bd40000)]
  0x000000001966e800 JavaThread "Thread-9" [_thread_blocked, id=9048, stack(0x000000001bb40000,0x000000001bc40000)]
  0x000000001966b800 JavaThread "Stdin handler" [_thread_blocked, id=3728, stack(0x000000001ba40000,0x000000001bb40000)]
  0x00000000198fa000 JavaThread "Asynchronous log dispatcher for DefaultDaemonConnection: socket connection from /127.0.0.1:62919 to /127.0.0.1:62920" [_thread_blocked, id=14500, stack(0x000000001b940000,0x000000001ba40000)]
  0x00000000198f9000 JavaThread "Daemon worker" [_thread_in_vm, id=15624, stack(0x000000001b840000,0x000000001b940000)]
  0x000000001978e000 JavaThread "Cancel handler" [_thread_blocked, id=5352, stack(0x000000001b740000,0x000000001b840000)]
  0x0000000018ee5800 JavaThread "Handler for socket connection from /127.0.0.1:62919 to /127.0.0.1:62920" [_thread_in_native, id=1416, stack(0x000000001b440000,0x000000001b540000)]
  0x0000000017dde800 JavaThread "Daemon" [_thread_blocked, id=12796, stack(0x000000001b340000,0x000000001b440000)]
  0x00000000185b9000 JavaThread "Daemon periodic checks" [_thread_blocked, id=11696, stack(0x000000001b240000,0x000000001b340000)]
  0x0000000017ca8800 JavaThread "Incoming local TCP Connector on port 62919" [_thread_in_native, id=17020, stack(0x000000001b000000,0x000000001b100000)]
  0x000000001961e800 JavaThread "Daemon health stats" [_thread_blocked, id=15740, stack(0x00000000199d0000,0x0000000019ad0000)]
  0x0000000017c21000 JavaThread "Service Thread" daemon [_thread_blocked, id=12520, stack(0x0000000018000000,0x0000000018100000)]
  0x00000000162dd000 JavaThread "C1 CompilerThread2" daemon [_thread_blocked, id=14236, stack(0x0000000017b00000,0x0000000017c00000)]
=>0x00000000162b3000 JavaThread "C2 CompilerThread1" daemon [_thread_in_native, id=7916, stack(0x0000000017a00000,0x0000000017b00000)]
  0x00000000162ae000 JavaThread "C2 CompilerThread0" daemon [_thread_in_native, id=11656, stack(0x0000000017900000,0x0000000017a00000)]
  0x00000000162ac800 JavaThread "Attach Listener" daemon [_thread_blocked, id=680, stack(0x0000000017800000,0x0000000017900000)]
  0x00000000162a9800 JavaThread "Signal Dispatcher" daemon [_thread_blocked, id=16148, stack(0x0000000017700000,0x0000000017800000)]
  0x000000000293c000 JavaThread "Finalizer" daemon [_thread_blocked, id=6408, stack(0x0000000017500000,0x0000000017600000)]
  0x0000000016299000 JavaThread "Reference Handler" daemon [_thread_blocked, id=15792, stack(0x0000000017400000,0x0000000017500000)]
  0x0000000000e1e000 JavaThread "main" [_thread_blocked, id=8576, stack(0x0000000002670000,0x0000000002770000)]

Other Threads:
  0x0000000016276000 VMThread [stack: 0x0000000017300000,0x0000000017400000] [id=9548]
  0x0000000017c26000 WatcherThread [stack: 0x0000000018100000,0x0000000018200000] [id=14560]

VM state:not at safepoint (normal execution)

VM Mutex/Monitor currently owned by a thread: None

heap address: 0x00000000a0000000, size: 1536 MB, Compressed Oops mode: 32-bit
Narrow klass base: 0x0000000000000000, Narrow klass shift: 3
Compressed class space size: 1073741824 Address: 0x0000000100000000

Heap:
 PSYoungGen      total 160768K, used 17185K [0x00000000e0000000, 0x00000000ec500000, 0x0000000100000000)
  eden space 146432K, 1% used [0x00000000e0000000,0x00000000e02ca178,0x00000000e8f00000)
  from space 14336K, 99% used [0x00000000ea180000,0x00000000eaf7e5c0,0x00000000eaf80000)
  to   space 18944K, 0% used [0x00000000e8f00000,0x00000000e8f00000,0x00000000ea180000)
 ParOldGen       total 76800K, used 29725K [0x00000000a0000000, 0x00000000a4b00000, 0x00000000e0000000)
  object space 76800K, 38% used [0x00000000a0000000,0x00000000a1d076a0,0x00000000a4b00000)
 Metaspace       used 56358K, capacity 58188K, committed 58456K, reserved 1099776K
  class space    used 7655K, capacity 8203K, committed 8320K, reserved 1048576K

Card table byte_map: [0x0000000011d00000,0x0000000012010000] byte_map_base: 0x0000000011800000

Marking Bits: (ParMarkBitMap*) 0x000000006b879f30
 Begin Bits: [0x0000000012610000, 0x0000000013e10000)
 End Bits:   [0x0000000013e10000, 0x0000000015610000)

Polling page: 0x0000000000e60000

CodeCache: size=245760Kb used=18134Kb max_used=18157Kb free=227625Kb
 bounds [0x0000000002940000, 0x0000000003b10000, 0x0000000011940000]
 total_blobs=5881 nmethods=5101 adapters=693
 compilation: enabled

Compilation events (10 events):
Event: 40.786 Thread 0x00000000162dd000 nmethod 5551 0x0000000003af55d0 code [0x0000000003af57e0, 0x0000000003af62a8]
Event: 40.786 Thread 0x00000000162dd000 5552       3       com.google.protobuf.GeneratedMessageV3$Builder::onChanged (29 bytes)
Event: 40.786 Thread 0x00000000162dd000 nmethod 5552 0x0000000003af6710 code [0x0000000003af6880, 0x0000000003af6b28]
Event: 40.786 Thread 0x00000000162dd000 5553       1       com.android.build.gradle.internal.core.Abi::getTag (5 bytes)
Event: 40.786 Thread 0x00000000162dd000 nmethod 5553 0x0000000003af6bd0 code [0x0000000003af6d20, 0x0000000003af6e30]
Event: 40.786 Thread 0x00000000162dd000 5554       1       org.gradle.internal.extensibility.DefaultConvention::access$200 (5 bytes)
Event: 40.787 Thread 0x00000000162dd000 nmethod 5554 0x0000000003af6e90 code [0x0000000003af6fe0, 0x0000000003af70d0]
Event: 40.788 Thread 0x00000000162dd000 5555       1       org.gradle.api.internal.project.DefaultProject::getTasks (5 bytes)
Event: 40.789 Thread 0x00000000162dd000 nmethod 5555 0x0000000003af7150 code [0x0000000003af72a0, 0x0000000003af73b0]
Event: 40.871 Thread 0x00000000162dd000 5556       3       java.util.stream.AbstractPipeline::<init> (91 bytes)

GC Heap History (10 events):
Event: 23.683 GC heap before
{Heap before GC invocations=12 (full 1):
 PSYoungGen      total 92160K, used 14527K [0x00000000e0000000, 0x00000000e6580000, 0x0000000100000000)
  eden space 81920K, 7% used [0x00000000e0000000,0x00000000e05e9710,0x00000000e5000000)
  from space 10240K, 82% used [0x00000000e5a80000,0x00000000e62c67f8,0x00000000e6480000)
  to   space 10752K, 0% used [0x00000000e5000000,0x00000000e5000000,0x00000000e5a80000)
 ParOldGen       total 53760K, used 11535K [0x00000000a0000000, 0x00000000a3480000, 0x00000000e0000000)
  object space 53760K, 21% used [0x00000000a0000000,0x00000000a0b43ea8,0x00000000a3480000)
 Metaspace       used 34473K, capacity 35234K, committed 35416K, reserved 1079296K
  class space    used 4741K, capacity 4965K, committed 4992K, reserved 1048576K
Event: 23.728 GC heap after
Heap after GC invocations=12 (full 1):
 PSYoungGen      total 92672K, used 607K [0x00000000e0000000, 0x00000000e9200000, 0x0000000100000000)
  eden space 81920K, 0% used [0x00000000e0000000,0x00000000e0000000,0x00000000e5000000)
  from space 10752K, 5% used [0x00000000e5000000,0x00000000e5097d30,0x00000000e5a80000)
  to   space 11264K, 0% used [0x00000000e8700000,0x00000000e8700000,0x00000000e9200000)
 ParOldGen       total 53760K, used 17226K [0x00000000a0000000, 0x00000000a3480000, 0x00000000e0000000)
  object space 53760K, 32% used [0x00000000a0000000,0x00000000a10d2810,0x00000000a3480000)
 Metaspace       used 34473K, capacity 35234K, committed 35416K, reserved 1079296K
  class space    used 4741K, capacity 4965K, committed 4992K, reserved 1048576K
}
Event: 23.728 GC heap before
{Heap before GC invocations=13 (full 2):
 PSYoungGen      total 92672K, used 607K [0x00000000e0000000, 0x00000000e9200000, 0x0000000100000000)
  eden space 81920K, 0% used [0x00000000e0000000,0x00000000e0000000,0x00000000e5000000)
  from space 10752K, 5% used [0x00000000e5000000,0x00000000e5097d30,0x00000000e5a80000)
  to   space 11264K, 0% used [0x00000000e8700000,0x00000000e8700000,0x00000000e9200000)
 ParOldGen       total 53760K, used 17226K [0x00000000a0000000, 0x00000000a3480000, 0x00000000e0000000)
  object space 53760K, 32% used [0x00000000a0000000,0x00000000a10d2810,0x00000000a3480000)
 Metaspace       used 34473K, capacity 35234K, committed 35416K, reserved 1079296K
  class space    used 4741K, capacity 4965K, committed 4992K, reserved 1048576K
Event: 24.149 GC heap after
Heap after GC invocations=13 (full 2):
 PSYoungGen      total 92672K, used 0K [0x00000000e0000000, 0x00000000e9200000, 0x0000000100000000)
  eden space 81920K, 0% used [0x00000000e0000000,0x00000000e0000000,0x00000000e5000000)
  from space 10752K, 0% used [0x00000000e5000000,0x00000000e5000000,0x00000000e5a80000)
  to   space 11264K, 0% used [0x00000000e8700000,0x00000000e8700000,0x00000000e9200000)
 ParOldGen       total 76800K, used 16433K [0x00000000a0000000, 0x00000000a4b00000, 0x00000000e0000000)
  object space 76800K, 21% used [0x00000000a0000000,0x00000000a100c698,0x00000000a4b00000)
 Metaspace       used 34464K, capacity 35204K, committed 35416K, reserved 1079296K
  class space    used 4738K, capacity 4960K, committed 4992K, reserved 1048576K
}
Event: 29.123 GC heap before
{Heap before GC invocations=14 (full 2):
 PSYoungGen      total 92672K, used 81920K [0x00000000e0000000, 0x00000000e9200000, 0x0000000100000000)
  eden space 81920K, 100% used [0x00000000e0000000,0x00000000e5000000,0x00000000e5000000)
  from space 10752K, 0% used [0x00000000e5000000,0x00000000e5000000,0x00000000e5a80000)
  to   space 11264K, 0% used [0x00000000e8700000,0x00000000e8700000,0x00000000e9200000)
 ParOldGen       total 76800K, used 16433K [0x00000000a0000000, 0x00000000a4b00000, 0x00000000e0000000)
  object space 76800K, 21% used [0x00000000a0000000,0x00000000a100c698,0x00000000a4b00000)
 Metaspace       used 43522K, capacity 44510K, committed 44888K, reserved 1087488K
  class space    used 5871K, capacity 6167K, committed 6272K, reserved 1048576K
Event: 29.139 GC heap after
Heap after GC invocations=14 (full 2):
 PSYoungGen      total 123904K, used 11131K [0x00000000e0000000, 0x00000000e9200000, 0x0000000100000000)
  eden space 112640K, 0% used [0x00000000e0000000,0x00000000e0000000,0x00000000e6e00000)
  from space 11264K, 98% used [0x00000000e8700000,0x00000000e91ded50,0x00000000e9200000)
  to   space 12800K, 0% used [0x00000000e7900000,0x00000000e7900000,0x00000000e8580000)
 ParOldGen       total 76800K, used 16441K [0x00000000a0000000, 0x00000000a4b00000, 0x00000000e0000000)
  object space 76800K, 21% used [0x00000000a0000000,0x00000000a100e698,0x00000000a4b00000)
 Metaspace       used 43522K, capacity 44510K, committed 44888K, reserved 1087488K
  class space    used 5871K, capacity 6167K, committed 6272K, reserved 1048576K
}
Event: 35.627 GC heap before
{Heap before GC invocations=15 (full 2):
 PSYoungGen      total 123904K, used 123771K [0x00000000e0000000, 0x00000000e9200000, 0x0000000100000000)
  eden space 112640K, 100% used [0x00000000e0000000,0x00000000e6e00000,0x00000000e6e00000)
  from space 11264K, 98% used [0x00000000e8700000,0x00000000e91ded50,0x00000000e9200000)
  to   space 12800K, 0% used [0x00000000e7900000,0x00000000e7900000,0x00000000e8580000)
 ParOldGen       total 76800K, used 16441K [0x00000000a0000000, 0x00000000a4b00000, 0x00000000e0000000)
  object space 76800K, 21% used [0x00000000a0000000,0x00000000a100e698,0x00000000a4b00000)
 Metaspace       used 49979K, capacity 51280K, committed 51416K, reserved 1093632K
  class space    used 6734K, capacity 7118K, committed 7168K, reserved 1048576K
Event: 35.671 GC heap after
Heap after GC invocations=15 (full 2):
 PSYoungGen      total 136704K, used 12169K [0x00000000e0000000, 0x00000000eaf80000, 0x0000000100000000)
  eden space 123904K, 0% used [0x00000000e0000000,0x00000000e0000000,0x00000000e7900000)
  from space 12800K, 95% used [0x00000000e7900000,0x00000000e84e2610,0x00000000e8580000)
  to   space 14336K, 0% used [0x00000000ea180000,0x00000000ea180000,0x00000000eaf80000)
 ParOldGen       total 76800K, used 21565K [0x00000000a0000000, 0x00000000a4b00000, 0x00000000e0000000)
  object space 76800K, 28% used [0x00000000a0000000,0x00000000a150f6d0,0x00000000a4b00000)
 Metaspace       used 49979K, capacity 51280K, committed 51416K, reserved 1093632K
  class space    used 6734K, capacity 7118K, committed 7168K, reserved 1048576K
}
Event: 40.790 GC heap before
{Heap before GC invocations=16 (full 2):
 PSYoungGen      total 136704K, used 136073K [0x00000000e0000000, 0x00000000eaf80000, 0x0000000100000000)
  eden space 123904K, 100% used [0x00000000e0000000,0x00000000e7900000,0x00000000e7900000)
  from space 12800K, 95% used [0x00000000e7900000,0x00000000e84e2610,0x00000000e8580000)
  to   space 14336K, 0% used [0x00000000ea180000,0x00000000ea180000,0x00000000eaf80000)
 ParOldGen       total 76800K, used 21565K [0x00000000a0000000, 0x00000000a4b00000, 0x00000000e0000000)
  object space 76800K, 28% used [0x00000000a0000000,0x00000000a150f6d0,0x00000000a4b00000)
 Metaspace       used 56352K, capacity 58188K, committed 58456K, reserved 1099776K
  class space    used 7655K, capacity 8203K, committed 8320K, reserved 1048576K
Event: 40.868 GC heap after
Heap after GC invocations=16 (full 2):
 PSYoungGen      total 160768K, used 14329K [0x00000000e0000000, 0x00000000ec500000, 0x0000000100000000)
  eden space 146432K, 0% used [0x00000000e0000000,0x00000000e0000000,0x00000000e8f00000)
  from space 14336K, 99% used [0x00000000ea180000,0x00000000eaf7e5c0,0x00000000eaf80000)
  to   space 18944K, 0% used [0x00000000e8f00000,0x00000000e8f00000,0x00000000ea180000)
 ParOldGen       total 76800K, used 29725K [0x00000000a0000000, 0x00000000a4b00000, 0x00000000e0000000)
  object space 76800K, 38% used [0x00000000a0000000,0x00000000a1d076a0,0x00000000a4b00000)
 Metaspace       used 56352K, capacity 58188K, committed 58456K, reserved 1099776K
  class space    used 7655K, capacity 8203K, committed 8320K, reserved 1048576K
}

Deoptimization events (10 events):
Event: 37.828 Thread 0x00000000198f9000 Uncommon trap: reason=unstable_if action=reinterpret pc=0x0000000002d52398 method=org.gradle.internal.logging.text.AbstractLineChoppingStyledTextOutput$2.execute(Lorg/gradle/internal/logging/text/AbstractLineChoppingStyledTextOutput$StateContext;)V @ 30
Event: 38.470 Thread 0x00000000198f9000 Uncommon trap: reason=class_check action=maybe_recompile pc=0x0000000002b5a540 method=java.lang.Throwable.<init>(Ljava/lang/String;Ljava/lang/Throwable;)V @ 24
Event: 38.548 Thread 0x00000000198f9000 Uncommon trap: reason=class_check action=maybe_recompile pc=0x0000000002b5a540 method=java.lang.Throwable.<init>(Ljava/lang/String;Ljava/lang/Throwable;)V @ 24
Event: 39.000 Thread 0x00000000198f9000 Uncommon trap: reason=array_check action=maybe_recompile pc=0x0000000003978bb0 method=java.util.AbstractCollection.toArray([Ljava/lang/Object;)[Ljava/lang/Object; @ 119
Event: 39.000 Thread 0x00000000198f9000 Uncommon trap: reason=array_check action=maybe_recompile pc=0x0000000003978bb0 method=java.util.AbstractCollection.toArray([Ljava/lang/Object;)[Ljava/lang/Object; @ 119
Event: 39.002 Thread 0x00000000198f9000 Uncommon trap: reason=array_check action=maybe_recompile pc=0x0000000003978bb0 method=java.util.AbstractCollection.toArray([Ljava/lang/Object;)[Ljava/lang/Object; @ 119
Event: 39.004 Thread 0x00000000198f9000 Uncommon trap: reason=array_check action=maybe_recompile pc=0x0000000003978bb0 method=java.util.AbstractCollection.toArray([Ljava/lang/Object;)[Ljava/lang/Object; @ 119
Event: 39.504 Thread 0x00000000198f9000 Uncommon trap: reason=bimorphic action=maybe_recompile pc=0x000000000386d188 method=groovy.lang.MetaClassImpl.filterPropertyMethod(Ljava/lang/Object;ZZ)Ljava/lang/Object; @ 38
Event: 39.504 Thread 0x00000000198f9000 Uncommon trap: reason=bimorphic action=maybe_recompile pc=0x000000000386d188 method=groovy.lang.MetaClassImpl.filterPropertyMethod(Ljava/lang/Object;ZZ)Ljava/lang/Object; @ 38
Event: 39.504 Thread 0x00000000198f9000 Uncommon trap: reason=bimorphic action=maybe_recompile pc=0x000000000386d188 method=groovy.lang.MetaClassImpl.filterPropertyMethod(Ljava/lang/Object;ZZ)Ljava/lang/Object; @ 38

Classes redefined (0 events):
No events

Internal exceptions (10 events):
Event: 40.450 Thread 0x00000000198f9000 Exception <a 'java/lang/ClassNotFoundException': com/android/build/gradle/internal/api/LibraryVariantOutputImpl_DecoratedBeanInfo> (0x00000000e745f7e0) thrown at [D:\src\AOSP-openjdk-cygwin\jdk8u\hotspot\src\share\vm\classfile\systemDictionary.cpp, line 2
Event: 40.451 Thread 0x00000000198f9000 Exception <a 'java/lang/ClassNotFoundException': com/android/build/gradle/internal/api/LibraryVariantOutputImplBeanInfo> (0x00000000e747b9f8) thrown at [D:\src\AOSP-openjdk-cygwin\jdk8u\hotspot\src\share\vm\classfile\systemDictionary.cpp, line 210]
Event: 40.451 Thread 0x00000000198f9000 Exception <a 'java/lang/ClassNotFoundException': com/android/build/gradle/internal/api/LibraryVariantOutputImplCustomizer> (0x00000000e7498658) thrown at [D:\src\AOSP-openjdk-cygwin\jdk8u\hotspot\src\share\vm\classfile\systemDictionary.cpp, line 210]
Event: 40.453 Thread 0x00000000198f9000 Exception <a 'java/lang/ClassNotFoundException': com/android/build/gradle/internal/api/LibraryVariantOutputImpl_DecoratedCustomizer> (0x00000000e74c2548) thrown at [D:\src\AOSP-openjdk-cygwin\jdk8u\hotspot\src\share\vm\classfile\systemDictionary.cpp, line
Event: 40.579 Thread 0x00000000198f9000 Exception <a 'java/lang/ClassNotFoundException': build_58v91y8j9uqr0oixlwg0jf1ujBeanInfo> (0x00000000e76ba580) thrown at [D:\src\AOSP-openjdk-cygwin\jdk8u\hotspot\src\share\vm\classfile\systemDictionary.cpp, line 210]
Event: 40.580 Thread 0x00000000198f9000 Exception <a 'java/lang/ClassNotFoundException': build_58v91y8j9uqr0oixlwg0jf1ujCustomizer> (0x00000000e76c6280) thrown at [D:\src\AOSP-openjdk-cygwin\jdk8u\hotspot\src\share\vm\classfile\systemDictionary.cpp, line 210]
Event: 40.708 Thread 0x00000000198f9000 Exception <a 'java/lang/ClassNotFoundException': build_58v91y8j9uqr0oixlwg0jf1uj$_run_closure1$_closure4BeanInfo> (0x00000000e77fafc0) thrown at [D:\src\AOSP-openjdk-cygwin\jdk8u\hotspot\src\share\vm\classfile\systemDictionary.cpp, line 210]
Event: 40.709 Thread 0x00000000198f9000 Exception <a 'java/lang/ClassNotFoundException': build_58v91y8j9uqr0oixlwg0jf1uj$_run_closure1$_closure4Customizer> (0x00000000e780cf70) thrown at [D:\src\AOSP-openjdk-cygwin\jdk8u\hotspot\src\share\vm\classfile\systemDictionary.cpp, line 210]
Event: 40.711 Thread 0x00000000198f9000 Exception <a 'java/lang/ClassNotFoundException': build_58v91y8j9uqr0oixlwg0jf1uj$_run_closure1BeanInfo> (0x00000000e7837270) thrown at [D:\src\AOSP-openjdk-cygwin\jdk8u\hotspot\src\share\vm\classfile\systemDictionary.cpp, line 210]
Event: 40.712 Thread 0x00000000198f9000 Exception <a 'java/lang/ClassNotFoundException': build_58v91y8j9uqr0oixlwg0jf1uj$_run_closure1Customizer> (0x00000000e78488e0) thrown at [D:\src\AOSP-openjdk-cygwin\jdk8u\hotspot\src\share\vm\classfile\systemDictionary.cpp, line 210]

Events (10 events):
Event: 40.715 loading class groovy/runtime/metaclass/build_58v91y8j9uqr0oixlwg0jf1uj$_run_closure2MetaClass
Event: 40.715 loading class groovy/runtime/metaclass/build_58v91y8j9uqr0oixlwg0jf1uj$_run_closure2MetaClass done
Event: 40.790 Executing VM operation: ParallelGCFailedAllocation
Event: 40.868 Executing VM operation: ParallelGCFailedAllocation done
Event: 40.869 Executing VM operation: RevokeBias
Event: 40.869 Executing VM operation: RevokeBias done
Event: 40.869 Executing VM operation: RevokeBias
Event: 40.870 Executing VM operation: RevokeBias done
Event: 40.871 loading class kotlin/reflect/jvm/internal/pcollections/ConsPStack$Itr
Event: 40.871 loading class kotlin/reflect/jvm/internal/pcollections/ConsPStack$Itr done


Dynamic libraries:
0x00007ff6a10a0000 - 0x00007ff6a10d1000 	C:\Program Files\Android\Android Studio2\jre\bin\java.exe
0x00007ffcad7c0000 - 0x00007ffcad9b0000 	C:\WINDOWS\SYSTEM32\ntdll.dll
0x00007ffca5e80000 - 0x00007ffca5e94000 	C:\Program Files\AVAST Software\Avast\aswhook.dll
0x00007ffcac290000 - 0x00007ffcac342000 	C:\WINDOWS\System32\KERNEL32.DLL
0x00007ffcab3a0000 - 0x00007ffcab643000 	C:\WINDOWS\System32\KERNELBASE.dll
0x00007ffcad380000 - 0x00007ffcad423000 	C:\WINDOWS\System32\ADVAPI32.dll
0x00007ffcacb20000 - 0x00007ffcacbbe000 	C:\WINDOWS\System32\msvcrt.dll
0x00007ffcad6e0000 - 0x00007ffcad777000 	C:\WINDOWS\System32\sechost.dll
0x00007ffcad5a0000 - 0x00007ffcad6c0000 	C:\WINDOWS\System32\RPCRT4.dll
0x00007ffcabb20000 - 0x00007ffcabcb4000 	C:\WINDOWS\System32\USER32.dll
0x00007ffcab260000 - 0x00007ffcab281000 	C:\WINDOWS\System32\win32u.dll
0x00007ffcad570000 - 0x00007ffcad596000 	C:\WINDOWS\System32\GDI32.dll
0x00007ffcaaed0000 - 0x00007ffcab064000 	C:\WINDOWS\System32\gdi32full.dll
0x00007ffcab070000 - 0x00007ffcab10e000 	C:\WINDOWS\System32\msvcp_win.dll
0x00007ffcab770000 - 0x00007ffcab86a000 	C:\WINDOWS\System32\ucrtbase.dll
0x00007ffc92b30000 - 0x00007ffc92db5000 	C:\WINDOWS\WinSxS\amd64_microsoft.windows.common-controls_6595b64144ccf1df_6.0.18362.418_none_e6c6b287130d565d\COMCTL32.dll
0x00007ffcabcc0000 - 0x00007ffcabff6000 	C:\WINDOWS\System32\combase.dll
0x00007ffcab6f0000 - 0x00007ffcab770000 	C:\WINDOWS\System32\bcryptPrimitives.dll
0x00007ffcad030000 - 0x00007ffcad05e000 	C:\WINDOWS\System32\IMM32.DLL
0x000000006c370000 - 0x000000006c442000 	C:\Program Files\Android\Android Studio2\jre\jre\bin\msvcr100.dll
0x000000006b0b0000 - 0x000000006b8f6000 	C:\Program Files\Android\Android Studio2\jre\jre\bin\server\jvm.dll
0x00007ffcac420000 - 0x00007ffcac428000 	C:\WINDOWS\System32\PSAPI.DLL
0x00007ffc9a5b0000 - 0x00007ffc9a5b9000 	C:\WINDOWS\SYSTEM32\WSOCK32.dll
0x00007ffcad120000 - 0x00007ffcad18f000 	C:\WINDOWS\System32\WS2_32.dll
0x00007ffca81a0000 - 0x00007ffca81c4000 	C:\WINDOWS\SYSTEM32\WINMM.dll
0x00007ffca1950000 - 0x00007ffca195a000 	C:\WINDOWS\SYSTEM32\VERSION.dll
0x00007ffca8170000 - 0x00007ffca819d000 	C:\WINDOWS\SYSTEM32\WINMMBASE.dll
0x00007ffcab650000 - 0x00007ffcab69a000 	C:\WINDOWS\System32\cfgmgr32.dll
0x00007ffca5840000 - 0x00007ffca584f000 	C:\Program Files\Android\Android Studio2\jre\jre\bin\verify.dll
0x00007ffc9de50000 - 0x00007ffc9de79000 	C:\Program Files\Android\Android Studio2\jre\jre\bin\java.dll
0x00007ffca4170000 - 0x00007ffca4186000 	C:\Program Files\Android\Android Studio2\jre\jre\bin\zip.dll
0x00007ffcac430000 - 0x00007ffcacb15000 	C:\WINDOWS\System32\SHELL32.dll
0x00007ffcad070000 - 0x00007ffcad119000 	C:\WINDOWS\System32\shcore.dll
0x00007ffcaa750000 - 0x00007ffcaaecf000 	C:\WINDOWS\System32\windows.storage.dll
0x00007ffcaa730000 - 0x00007ffcaa74f000 	C:\WINDOWS\System32\profapi.dll
0x00007ffcaa6c0000 - 0x00007ffcaa70a000 	C:\WINDOWS\System32\powrprof.dll
0x00007ffcaa690000 - 0x00007ffcaa6a0000 	C:\WINDOWS\System32\UMPDC.dll
0x00007ffcac230000 - 0x00007ffcac282000 	C:\WINDOWS\System32\shlwapi.dll
0x00007ffcaa6a0000 - 0x00007ffcaa6b1000 	C:\WINDOWS\System32\kernel.appcore.dll
0x00007ffcab6a0000 - 0x00007ffcab6b7000 	C:\WINDOWS\System32\cryptsp.dll
0x00007ffc9e190000 - 0x00007ffc9e1aa000 	C:\Program Files\Android\Android Studio2\jre\jre\bin\net.dll
0x00007ffca9f00000 - 0x00007ffca9f67000 	C:\WINDOWS\system32\mswsock.dll
0x00007ffc9e150000 - 0x00007ffc9e161000 	C:\Program Files\Android\Android Studio2\jre\jre\bin\nio.dll
0x00007ffc973f0000 - 0x00007ffc97416000 	C:\Users\HASSAN COMPUTERS\.gradle\native\29\windows-amd64\native-platform.dll
0x00007ffca49f0000 - 0x00007ffca49fd000 	C:\Program Files\Android\Android Studio2\jre\jre\bin\management.dll
0x00007ffca9a70000 - 0x00007ffca9aa3000 	C:\WINDOWS\system32\rsaenh.dll
0x00007ffcab6c0000 - 0x00007ffcab6e6000 	C:\WINDOWS\System32\bcrypt.dll
0x00007ffcaa5b0000 - 0x00007ffcaa5d5000 	C:\WINDOWS\SYSTEM32\USERENV.dll
0x00007ffcaa0d0000 - 0x00007ffcaa0dc000 	C:\WINDOWS\SYSTEM32\CRYPTBASE.dll
0x00007ffca9c10000 - 0x00007ffca9c4a000 	C:\WINDOWS\SYSTEM32\IPHLPAPI.DLL
0x00007ffcad060000 - 0x00007ffcad068000 	C:\WINDOWS\System32\NSI.dll
0x00007ffca10d0000 - 0x00007ffca10e6000 	C:\WINDOWS\SYSTEM32\dhcpcsvc6.DLL
0x00007ffca14f0000 - 0x00007ffca150c000 	C:\WINDOWS\SYSTEM32\dhcpcsvc.DLL
0x00007ffca9c50000 - 0x00007ffca9d1a000 	C:\WINDOWS\SYSTEM32\DNSAPI.dll

VM Arguments:
jvm_args: -Xmx1536m -Dfile.encoding=windows-1252 -Duser.country=US -Duser.language=en -Duser.variant 
java_command: org.gradle.launcher.daemon.bootstrap.GradleDaemon 5.4.1
java_class_path (initial): C:\Users\HASSAN COMPUTERS\.gradle\wrapper\dists\gradle-5.4.1-all\3221gyojl5jsh0helicew7rwx\gradle-5.4.1\lib\gradle-launcher-5.4.1.jar
Launcher Type: SUN_STANDARD

Environment Variables:
JAVA_HOME=C:\Program Files (x86)\Java\jdk1.8.0_192
PATH=C:\WINDOWS\system32;C:\WINDOWS;C:\WINDOWS\System32\Wbem;C:\WINDOWS\System32\WindowsPowerShell\v1.0\;C:\WINDOWS\System32\OpenSSH\;C:\Program Files (x86)\Bitvise SSH Client;C:\Program Files\Git\cmd;C:\Users\HASSAN COMPUTERS\AppData\Local\Microsoft\WindowsApps;
USERNAME=HASSAN COMPUTERS
OS=Windows_NT
PROCESSOR_IDENTIFIER=Intel64 Family 6 Model 61 Stepping 4, GenuineIntel



---------------  S Y S T E M  ---------------

OS: Windows 10.0 , 64 bit Build 18362 (10.0.18362.329)

CPU:total 4 (initial active 4) (2 cores per cpu, 2 threads per core) family 6 model 61 stepping 4, cmov, cx8, fxsr, mmx, sse, sse2, sse3, ssse3, sse4.1, sse4.2, popcnt, avx, avx2, aes, clmul, erms, rtm, 3dnowpref, lzcnt, ht, tsc, tscinvbit, bmi1, bmi2, adx

Memory: 4k page, physical 8275768k(384104k free), swap 11347768k(5164k free)

vm_info: OpenJDK 64-Bit Server VM (25.202-b03) for windows-amd64 JRE (1.8.0_202-release-1483-b03), built by "builder" with MS VC++ 10.0 (VS2010)

time: Sun Oct 27 23:08:59 2019
timezone: Pakistan Standard Time
elapsed time: 40 seconds (0d 0h 0m 40s)

